<?xml version="1.0" encoding="UTF-8"?>
<!-- Generated by org.testng.reporters.JUnitReportReporter -->
<testsuite name="testScenarios.EbayMobilesAutomation" tests="18" time="30.608" ignored="0" failures="0" timestamp="02 Nov 2020 10:01:28 GMT" skipped="0" hostname="DESKTOP-TLNVACJ" errors="0">
  <testcase name="tcElectronicsCategory" time="7.248" classname="testScenarios.EbayMobilesAutomation"/>
  <testcase name="tcPhoneAccessoriesCategory" time="1.953" classname="testScenarios.EbayMobilesAutomation"/>
  <testcase name="sortByTime" time="1.679" classname="testScenarios.EbayMobilesAutomation"/>
  <testcase name="testCaseReadExl" time="0.453" classname="testScenarios.EbayMobilesAutomation"/>
  <testcase name="sortByTime" time="1.836" classname="testScenarios.EbayMobilesAutomation"/>
  <testcase name="tcElectronicsCategory" time="3.430" classname="testScenarios.EbayMobilesAutomation"/>
  <testcase name="tcMobilesCategory" time="2.067" classname="testScenarios.EbayMobilesAutomation"/>
  <testcase name="testCaseReadExl" time="0.026" classname="testScenarios.EbayMobilesAutomation"/>
  <testcase name="tcMobilesCategory" time="2.211" classname="testScenarios.EbayMobilesAutomation"/>
  <testcase name="screenShot" time="0.680" classname="testScenarios.EbayMobilesAutomation"/>
  <testcase name="tcPhoneAccessoriesCategory" time="2.198" classname="testScenarios.EbayMobilesAutomation"/>
  <testcase name="maxPriceSet" time="1.767" classname="testScenarios.EbayMobilesAutomation"/>
  <testcase name="toExcelWrite" time="0.937" classname="testScenarios.EbayMobilesAutomation"/>
  <testcase name="toExcelWrite" time="0.943" classname="testScenarios.EbayMobilesAutomation"/>
  <testcase name="screenShot" time="0.572" classname="testScenarios.EbayMobilesAutomation"/>
  <testcase name="minPriceSet" time="0.199" classname="testScenarios.EbayMobilesAutomation"/>
  <testcase name="minPriceSet" time="0.173" classname="testScenarios.EbayMobilesAutomation"/>
  <testcase name="maxPriceSet" time="2.236" classname="testScenarios.EbayMobilesAutomation"/>
</testsuite> <!-- testScenarios.EbayMobilesAutomation -->
